[09:54:35 INF] User profile is available. Using 'C:\Users\matte\AppData\Local\ASP.NET\DataProtection-Keys' as key repository and Windows DPAPI to encrypt keys at rest. <Microsoft.AspNetCore.DataProtection.KeyManagement.XmlKeyManager>
[09:57:18 DBG] Hosting starting <Microsoft.AspNetCore.Hosting.Diagnostics>
[09:57:19 INF] User profile is available. Using 'C:\Users\matte\AppData\Local\ASP.NET\DataProtection-Keys' as key repository and Windows DPAPI to encrypt keys at rest. <Microsoft.AspNetCore.DataProtection.KeyManagement.XmlKeyManager>
[09:57:19 DBG] Reading data from file 'C:\Users\matte\AppData\Local\ASP.NET\DataProtection-Keys\key-ef9d3cbc-b4f6-4337-9650-b244520bc7d8.xml'. <Microsoft.AspNetCore.DataProtection.Repositories.FileSystemXmlRepository>
[09:57:19 DBG] Found key "ef9d3cbc-b4f6-4337-9650-b244520bc7d8". <Microsoft.AspNetCore.DataProtection.KeyManagement.XmlKeyManager>
[09:57:19 DBG] Considering key "ef9d3cbc-b4f6-4337-9650-b244520bc7d8" with expiration date "2020-08-23T09:31:13.6388072+00:00" as default key. <Microsoft.AspNetCore.DataProtection.KeyManagement.DefaultKeyResolver>
[09:57:19 DBG] Forwarded activator type request from Microsoft.AspNetCore.DataProtection.XmlEncryption.DpapiXmlDecryptor, Microsoft.AspNetCore.DataProtection, Version=3.1.4.0, Culture=neutral, PublicKeyToken=adb9793829ddae60 to Microsoft.AspNetCore.DataProtection.XmlEncryption.DpapiXmlDecryptor, Microsoft.AspNetCore.DataProtection, Culture=neutral, PublicKeyToken=adb9793829ddae60 <Microsoft.AspNetCore.DataProtection.TypeForwardingActivator>
[09:57:19 DBG] Decrypting secret element using Windows DPAPI. <Microsoft.AspNetCore.DataProtection.XmlEncryption.DpapiXmlDecryptor>
[09:57:19 DBG] Forwarded activator type request from Microsoft.AspNetCore.DataProtection.AuthenticatedEncryption.ConfigurationModel.AuthenticatedEncryptorDescriptorDeserializer, Microsoft.AspNetCore.DataProtection, Version=3.1.4.0, Culture=neutral, PublicKeyToken=adb9793829ddae60 to Microsoft.AspNetCore.DataProtection.AuthenticatedEncryption.ConfigurationModel.AuthenticatedEncryptorDescriptorDeserializer, Microsoft.AspNetCore.DataProtection, Culture=neutral, PublicKeyToken=adb9793829ddae60 <Microsoft.AspNetCore.DataProtection.TypeForwardingActivator>
[09:57:19 DBG] Opening CNG algorithm 'AES' from provider 'null' with chaining mode CBC. <Microsoft.AspNetCore.DataProtection.AuthenticatedEncryption.CngCbcAuthenticatedEncryptorFactory>
[09:57:19 DBG] Opening CNG algorithm 'SHA256' from provider 'null' with HMAC. <Microsoft.AspNetCore.DataProtection.AuthenticatedEncryption.CngCbcAuthenticatedEncryptorFactory>
[09:57:19 DBG] Using key "ef9d3cbc-b4f6-4337-9650-b244520bc7d8" as the default key. <Microsoft.AspNetCore.DataProtection.KeyManagement.KeyRingProvider>
[09:57:19 DBG] Key ring with default key "ef9d3cbc-b4f6-4337-9650-b244520bc7d8" was loaded during application startup. <Microsoft.AspNetCore.DataProtection.Internal.DataProtectionHostedService>
[09:57:20 DBG] Failed to locate the development https certificate at 'null'. <Microsoft.AspNetCore.Server.Kestrel.Core.KestrelServer>
[09:57:20 DBG] Using development certificate: CN=localhost (Thumbprint: D2A01C50167BC820FF7A4B6272539213E867C62E) <Microsoft.AspNetCore.Server.Kestrel.Core.KestrelServer>
[09:57:20 DBG] Hosting started <Microsoft.AspNetCore.Hosting.Diagnostics>
[09:57:20 DBG] Loaded hosting startup assembly Hahn.ApplicatonProcess.May2020.Web <Microsoft.AspNetCore.Hosting.Diagnostics>
[09:57:20 DBG] Connection id "0HM0199LC0S2V" received FIN. <Microsoft.AspNetCore.Server.Kestrel.Transport.Sockets>
[09:57:20 DBG] Connection id "0HM0199LC0S2U" received FIN. <Microsoft.AspNetCore.Server.Kestrel.Transport.Sockets>
[09:57:20 DBG] Connection id "0HM0199LC0S2U" accepted. <Microsoft.AspNetCore.Server.Kestrel>
[09:57:20 DBG] Connection id "0HM0199LC0S2V" accepted. <Microsoft.AspNetCore.Server.Kestrel>
[09:57:20 DBG] Connection id "0HM0199LC0S2U" started. <Microsoft.AspNetCore.Server.Kestrel>
[09:57:20 DBG] Connection id "0HM0199LC0S2V" started. <Microsoft.AspNetCore.Server.Kestrel>
[09:57:20 DBG] Failed to authenticate HTTPS connection. <Microsoft.AspNetCore.Server.Kestrel.Https.Internal.HttpsConnectionMiddleware>
System.IO.IOException: Authentication failed because the remote party has closed the transport stream.
   at System.Net.Security.SslStream.StartReadFrame(Byte[] buffer, Int32 readBytes, AsyncProtocolRequest asyncRequest)
   at System.Net.Security.SslStream.StartReceiveBlob(Byte[] buffer, AsyncProtocolRequest asyncRequest)
   at System.Net.Security.SslStream.ForceAuthentication(Boolean receiveFirst, Byte[] buffer, AsyncProtocolRequest asyncRequest)
   at System.Net.Security.SslStream.ProcessAuthentication(LazyAsyncResult lazyResult, CancellationToken cancellationToken)
   at System.Net.Security.SslStream.BeginAuthenticateAsServer(SslServerAuthenticationOptions sslServerAuthenticationOptions, CancellationToken cancellationToken, AsyncCallback asyncCallback, Object asyncState)
   at System.Net.Security.SslStream.<>c.<AuthenticateAsServerAsync>b__69_0(SslServerAuthenticationOptions arg1, CancellationToken arg2, AsyncCallback callback, Object state)
   at System.Threading.Tasks.TaskFactory`1.FromAsyncImpl[TArg1,TArg2](Func`5 beginMethod, Func`2 endFunction, Action`1 endAction, TArg1 arg1, TArg2 arg2, Object state, TaskCreationOptions creationOptions)
   at System.Threading.Tasks.TaskFactory.FromAsync[TArg1,TArg2](Func`5 beginMethod, Action`1 endMethod, TArg1 arg1, TArg2 arg2, Object state, TaskCreationOptions creationOptions)
   at System.Threading.Tasks.TaskFactory.FromAsync[TArg1,TArg2](Func`5 beginMethod, Action`1 endMethod, TArg1 arg1, TArg2 arg2, Object state)
   at System.Net.Security.SslStream.AuthenticateAsServerAsync(SslServerAuthenticationOptions sslServerAuthenticationOptions, CancellationToken cancellationToken)
   at Microsoft.AspNetCore.Server.Kestrel.Https.Internal.HttpsConnectionMiddleware.InnerOnConnectionAsync(ConnectionContext context)
[09:57:20 DBG] Failed to authenticate HTTPS connection. <Microsoft.AspNetCore.Server.Kestrel.Https.Internal.HttpsConnectionMiddleware>
System.IO.IOException: Authentication failed because the remote party has closed the transport stream.
   at System.Net.Security.SslStream.StartReadFrame(Byte[] buffer, Int32 readBytes, AsyncProtocolRequest asyncRequest)
   at System.Net.Security.SslStream.StartReceiveBlob(Byte[] buffer, AsyncProtocolRequest asyncRequest)
   at System.Net.Security.SslStream.ForceAuthentication(Boolean receiveFirst, Byte[] buffer, AsyncProtocolRequest asyncRequest)
   at System.Net.Security.SslStream.ProcessAuthentication(LazyAsyncResult lazyResult, CancellationToken cancellationToken)
   at System.Net.Security.SslStream.BeginAuthenticateAsServer(SslServerAuthenticationOptions sslServerAuthenticationOptions, CancellationToken cancellationToken, AsyncCallback asyncCallback, Object asyncState)
   at System.Net.Security.SslStream.<>c.<AuthenticateAsServerAsync>b__69_0(SslServerAuthenticationOptions arg1, CancellationToken arg2, AsyncCallback callback, Object state)
   at System.Threading.Tasks.TaskFactory`1.FromAsyncImpl[TArg1,TArg2](Func`5 beginMethod, Func`2 endFunction, Action`1 endAction, TArg1 arg1, TArg2 arg2, Object state, TaskCreationOptions creationOptions)
   at System.Threading.Tasks.TaskFactory.FromAsync[TArg1,TArg2](Func`5 beginMethod, Action`1 endMethod, TArg1 arg1, TArg2 arg2, Object state, TaskCreationOptions creationOptions)
   at System.Threading.Tasks.TaskFactory.FromAsync[TArg1,TArg2](Func`5 beginMethod, Action`1 endMethod, TArg1 arg1, TArg2 arg2, Object state)
   at System.Net.Security.SslStream.AuthenticateAsServerAsync(SslServerAuthenticationOptions sslServerAuthenticationOptions, CancellationToken cancellationToken)
   at Microsoft.AspNetCore.Server.Kestrel.Https.Internal.HttpsConnectionMiddleware.InnerOnConnectionAsync(ConnectionContext context)
[09:57:20 DBG] Connection id "0HM0199LC0S2U" stopped. <Microsoft.AspNetCore.Server.Kestrel>
[09:57:20 DBG] Connection id "0HM0199LC0S2V" stopped. <Microsoft.AspNetCore.Server.Kestrel>
[09:57:20 DBG] Connection id "0HM0199LC0S2V" sending FIN because: "The Socket transport's send loop completed gracefully." <Microsoft.AspNetCore.Server.Kestrel.Transport.Sockets>
[09:57:20 DBG] Connection id "0HM0199LC0S2U" sending FIN because: "The Socket transport's send loop completed gracefully." <Microsoft.AspNetCore.Server.Kestrel.Transport.Sockets>
[09:57:21 DBG] Connection id "0HM0199LC0S30" accepted. <Microsoft.AspNetCore.Server.Kestrel>
[09:57:21 DBG] Connection id "0HM0199LC0S30" started. <Microsoft.AspNetCore.Server.Kestrel>
[09:57:26 DBG] Connection id "0HM0199LC0S30" received FIN. <Microsoft.AspNetCore.Server.Kestrel.Transport.Sockets>
[09:58:28 DBG] Connection id "0HM0199LC0S30" is closed. The last processed stream ID was 0. <Microsoft.AspNetCore.Server.Kestrel>
[09:58:28 DBG] Connection id "0HM0199LC0S30" sending FIN because: "The client closed the connection." <Microsoft.AspNetCore.Server.Kestrel.Transport.Sockets>
[09:58:28 DBG] Connection id "0HM0199LC0S30" stopped. <Microsoft.AspNetCore.Server.Kestrel>
[09:59:04 DBG] Connection id "0HM0199LC0S31" accepted. <Microsoft.AspNetCore.Server.Kestrel>
[09:59:04 DBG] Connection id "0HM0199LC0S31" started. <Microsoft.AspNetCore.Server.Kestrel>
[09:59:04 INF] Request starting HTTP/2 GET https://localhost:5001/swagger/index.html   <Microsoft.AspNetCore.Hosting.Diagnostics>
[09:59:04 DBG] Wildcard detected, all requests with hosts will be allowed. <Microsoft.AspNetCore.HostFiltering.HostFilteringMiddleware>
[09:59:04 DBG] The request path /swagger/index.html does not match an existing file <Microsoft.AspNetCore.StaticFiles.StaticFileMiddleware>
[09:59:04 DBG] No candidates found for the request path '/swagger/index.html' <Microsoft.AspNetCore.Routing.Matching.DfaMatcher>
[09:59:04 DBG] Request did not match any endpoints <Microsoft.AspNetCore.Routing.EndpointRoutingMiddleware>
[09:59:05 INF] HTTP GET /swagger/index.html responded 200 in 705.4076 ms <Serilog.AspNetCore.RequestLoggingMiddleware>
[09:59:05 INF] Request finished in 811.0544ms 200 text/html;charset=utf-8 <Microsoft.AspNetCore.Hosting.Diagnostics>
[09:59:06 DBG] Connection id "0HM0199LC0S31" received FIN. <Microsoft.AspNetCore.Server.Kestrel.Transport.Sockets>
[09:59:06 DBG] Connection id "0HM0199LC0S31" is closed. The last processed stream ID was 1. <Microsoft.AspNetCore.Server.Kestrel>
[09:59:06 DBG] Connection id "0HM0199LC0S31" sending FIN because: "The client closed the connection." <Microsoft.AspNetCore.Server.Kestrel.Transport.Sockets>
[09:59:06 DBG] Connection id "0HM0199LC0S31" stopped. <Microsoft.AspNetCore.Server.Kestrel>
[09:59:06 DBG] Connection id "0HM0199LC0S32" accepted. <Microsoft.AspNetCore.Server.Kestrel>
[09:59:06 DBG] Connection id "0HM0199LC0S32" started. <Microsoft.AspNetCore.Server.Kestrel>
[09:59:06 INF] Request starting HTTP/2 GET https://localhost:5001/swagger/v1/swagger.json   <Microsoft.AspNetCore.Hosting.Diagnostics>
[09:59:06 DBG] The request path /swagger/v1/swagger.json does not match an existing file <Microsoft.AspNetCore.StaticFiles.StaticFileMiddleware>
[09:59:06 DBG] No candidates found for the request path '/swagger/v1/swagger.json' <Microsoft.AspNetCore.Routing.Matching.DfaMatcher>
[09:59:06 DBG] Request did not match any endpoints <Microsoft.AspNetCore.Routing.EndpointRoutingMiddleware>
[09:59:06 INF] HTTP GET /swagger/v1/swagger.json responded 200 in 340.9889 ms <Serilog.AspNetCore.RequestLoggingMiddleware>
[09:59:06 INF] Request finished in 363.2024ms 200 application/json;charset=utf-8 <Microsoft.AspNetCore.Hosting.Diagnostics>
[09:59:14 INF] Request starting HTTP/2 GET https://localhost:5001/swagger/v1/swagger.json   <Microsoft.AspNetCore.Hosting.Diagnostics>
[09:59:14 DBG] The request path /swagger/v1/swagger.json does not match an existing file <Microsoft.AspNetCore.StaticFiles.StaticFileMiddleware>
[09:59:14 DBG] No candidates found for the request path '/swagger/v1/swagger.json' <Microsoft.AspNetCore.Routing.Matching.DfaMatcher>
[09:59:14 DBG] Request did not match any endpoints <Microsoft.AspNetCore.Routing.EndpointRoutingMiddleware>
[09:59:14 INF] HTTP GET /swagger/v1/swagger.json responded 200 in 19.2364 ms <Serilog.AspNetCore.RequestLoggingMiddleware>
[09:59:14 INF] Request finished in 38.094ms 200 application/json;charset=utf-8 <Microsoft.AspNetCore.Hosting.Diagnostics>
[09:59:16 DBG] Connection id "0HM0199LC0S32" received FIN. <Microsoft.AspNetCore.Server.Kestrel.Transport.Sockets>
[09:59:16 DBG] Connection id "0HM0199LC0S32" is closed. The last processed stream ID was 3. <Microsoft.AspNetCore.Server.Kestrel>
[09:59:16 DBG] Connection id "0HM0199LC0S32" sending FIN because: "The client closed the connection." <Microsoft.AspNetCore.Server.Kestrel.Transport.Sockets>
[09:59:16 DBG] Connection id "0HM0199LC0S32" stopped. <Microsoft.AspNetCore.Server.Kestrel>
[10:00:34 INF] User profile is available. Using 'C:\Users\matte\AppData\Local\ASP.NET\DataProtection-Keys' as key repository and Windows DPAPI to encrypt keys at rest. <Microsoft.AspNetCore.DataProtection.KeyManagement.XmlKeyManager>
[10:00:41 INF] Request starting HTTP/2 GET https://localhost:5001/swagger/index.html   <Microsoft.AspNetCore.Hosting.Diagnostics>
[10:00:41 INF] HTTP GET /swagger/index.html responded 200 in 189.8036 ms <Serilog.AspNetCore.RequestLoggingMiddleware>
[10:00:41 INF] Request finished in 257.5297ms 200 text/html;charset=utf-8 <Microsoft.AspNetCore.Hosting.Diagnostics>
[10:00:42 INF] Request starting HTTP/2 GET https://localhost:5001/swagger/v1/swagger.json   <Microsoft.AspNetCore.Hosting.Diagnostics>
[10:00:42 INF] HTTP GET /swagger/v1/swagger.json responded 200 in 236.7962 ms <Serilog.AspNetCore.RequestLoggingMiddleware>
[10:00:42 INF] Request finished in 251.4557ms 200 application/json;charset=utf-8 <Microsoft.AspNetCore.Hosting.Diagnostics>
